<?xml version="1.0" encoding="UTF-8"?>
<testsuite xmlns:xsi="http://www.w3.org/2001/XMLSchema-instance" xsi:noNamespaceSchemaLocation="https://maven.apache.org/surefire/maven-surefire-plugin/xsd/surefire-test-report-3.0.xsd" version="3.0" name="TestSuite" time="4.215" tests="3" errors="0" skipped="0" failures="0">
  <properties>
    <property name="gopherProxySet" value="false"/>
    <property name="awt.toolkit" value="sun.lwawt.macosx.LWCToolkit"/>
    <property name="file.encoding.pkg" value="sun.io"/>
    <property name="java.specification.version" value="1.8"/>
    <property name="sun.cpu.isalist" value=""/>
    <property name="sun.jnu.encoding" value="UTF-8"/>
    <property name="java.class.path" value="/Users/kanni/Downloads/SQEDemonstrationChallengeUIProject-master/target/test-classes:/Users/kanni/Downloads/SQEDemonstrationChallengeUIProject-master/target/classes:/Users/kanni/.m2/repository/org/testng/testng/6.14.3/testng-6.14.3.jar:/Users/kanni/.m2/repository/com/beust/jcommander/1.72/jcommander-1.72.jar:/Users/kanni/.m2/repository/org/apache-extras/beanshell/bsh/2.0b6/bsh-2.0b6.jar:/Users/kanni/.m2/repository/org/seleniumhq/selenium/selenium-java/3.141.59/selenium-java-3.141.59.jar:/Users/kanni/.m2/repository/org/seleniumhq/selenium/selenium-api/3.141.59/selenium-api-3.141.59.jar:/Users/kanni/.m2/repository/org/seleniumhq/selenium/selenium-chrome-driver/3.141.59/selenium-chrome-driver-3.141.59.jar:/Users/kanni/.m2/repository/org/seleniumhq/selenium/selenium-edge-driver/3.141.59/selenium-edge-driver-3.141.59.jar:/Users/kanni/.m2/repository/org/seleniumhq/selenium/selenium-firefox-driver/3.141.59/selenium-firefox-driver-3.141.59.jar:/Users/kanni/.m2/repository/org/seleniumhq/selenium/selenium-ie-driver/3.141.59/selenium-ie-driver-3.141.59.jar:/Users/kanni/.m2/repository/org/seleniumhq/selenium/selenium-opera-driver/3.141.59/selenium-opera-driver-3.141.59.jar:/Users/kanni/.m2/repository/org/seleniumhq/selenium/selenium-remote-driver/3.141.59/selenium-remote-driver-3.141.59.jar:/Users/kanni/.m2/repository/org/seleniumhq/selenium/selenium-safari-driver/3.141.59/selenium-safari-driver-3.141.59.jar:/Users/kanni/.m2/repository/org/seleniumhq/selenium/selenium-support/3.141.59/selenium-support-3.141.59.jar:/Users/kanni/.m2/repository/net/bytebuddy/byte-buddy/1.8.15/byte-buddy-1.8.15.jar:/Users/kanni/.m2/repository/org/apache/commons/commons-exec/1.3/commons-exec-1.3.jar:/Users/kanni/.m2/repository/com/google/guava/guava/25.0-jre/guava-25.0-jre.jar:/Users/kanni/.m2/repository/com/google/code/findbugs/jsr305/1.3.9/jsr305-1.3.9.jar:/Users/kanni/.m2/repository/org/checkerframework/checker-compat-qual/2.0.0/checker-compat-qual-2.0.0.jar:/Users/kanni/.m2/repository/com/google/errorprone/error_prone_annotations/2.1.3/error_prone_annotations-2.1.3.jar:/Users/kanni/.m2/repository/com/google/j2objc/j2objc-annotations/1.1/j2objc-annotations-1.1.jar:/Users/kanni/.m2/repository/org/codehaus/mojo/animal-sniffer-annotations/1.14/animal-sniffer-annotations-1.14.jar:/Users/kanni/.m2/repository/com/squareup/okhttp3/okhttp/3.11.0/okhttp-3.11.0.jar:/Users/kanni/.m2/repository/com/squareup/okio/okio/1.14.0/okio-1.14.0.jar:/Users/kanni/.m2/repository/org/seleniumhq/selenium/selenium-server/3.141.59/selenium-server-3.141.59.jar:/Users/kanni/.m2/repository/net/jcip/jcip-annotations/1.0/jcip-annotations-1.0.jar:/Users/kanni/.m2/repository/org/seleniumhq/selenium/jetty-repacked/9.4.12.v20180830/jetty-repacked-9.4.12.v20180830.jar:/Users/kanni/.m2/repository/javax/servlet/javax.servlet-api/3.1.0/javax.servlet-api-3.1.0.jar:/Users/kanni/.m2/repository/org/yaml/snakeyaml/1.19/snakeyaml-1.19.jar:/Users/kanni/.m2/repository/org/apache/maven/plugins/maven-install-plugin/3.0.0-M1/maven-install-plugin-3.0.0-M1.jar:/Users/kanni/.m2/repository/org/apache/maven/maven-plugin-api/3.0/maven-plugin-api-3.0.jar:/Users/kanni/.m2/repository/org/apache/maven/maven-model/3.0/maven-model-3.0.jar:/Users/kanni/.m2/repository/org/sonatype/sisu/sisu-inject-plexus/1.4.2/sisu-inject-plexus-1.4.2.jar:/Users/kanni/.m2/repository/org/codehaus/plexus/plexus-classworlds/2.2.3/plexus-classworlds-2.2.3.jar:/Users/kanni/.m2/repository/org/sonatype/sisu/sisu-inject-bean/1.4.2/sisu-inject-bean-1.4.2.jar:/Users/kanni/.m2/repository/org/sonatype/sisu/sisu-guice/2.1.7/sisu-guice-2.1.7-noaop.jar:/Users/kanni/.m2/repository/org/apache/maven/maven-artifact/3.0/maven-artifact-3.0.jar:/Users/kanni/.m2/repository/org/codehaus/plexus/plexus-utils/2.0.4/plexus-utils-2.0.4.jar:/Users/kanni/.m2/repository/org/apache/maven/shared/maven-artifact-transfer/0.10.0/maven-artifact-transfer-0.10.0.jar:/Users/kanni/.m2/repository/org/apache/maven/maven-core/3.0/maven-core-3.0.jar:/Users/kanni/.m2/repository/org/apache/maven/maven-settings/3.0/maven-settings-3.0.jar:/Users/kanni/.m2/repository/org/apache/maven/maven-settings-builder/3.0/maven-settings-builder-3.0.jar:/Users/kanni/.m2/repository/org/apache/maven/maven-repository-metadata/3.0/maven-repository-metadata-3.0.jar:/Users/kanni/.m2/repository/org/apache/maven/maven-model-builder/3.0/maven-model-builder-3.0.jar:/Users/kanni/.m2/repository/org/apache/maven/maven-aether-provider/3.0/maven-aether-provider-3.0.jar:/Users/kanni/.m2/repository/org/sonatype/aether/aether-impl/1.7/aether-impl-1.7.jar:/Users/kanni/.m2/repository/org/sonatype/aether/aether-spi/1.7/aether-spi-1.7.jar:/Users/kanni/.m2/repository/org/sonatype/aether/aether-api/1.7/aether-api-1.7.jar:/Users/kanni/.m2/repository/org/sonatype/aether/aether-util/1.7/aether-util-1.7.jar:/Users/kanni/.m2/repository/org/codehaus/plexus/plexus-interpolation/1.14/plexus-interpolation-1.14.jar:/Users/kanni/.m2/repository/org/sonatype/plexus/plexus-sec-dispatcher/1.3/plexus-sec-dispatcher-1.3.jar:/Users/kanni/.m2/repository/org/sonatype/plexus/plexus-cipher/1.4/plexus-cipher-1.4.jar:/Users/kanni/.m2/repository/org/codehaus/plexus/plexus-component-annotations/1.7.1/plexus-component-annotations-1.7.1.jar:/Users/kanni/.m2/repository/org/apache/maven/shared/maven-common-artifact-filters/3.0.1/maven-common-artifact-filters-3.0.1.jar:/Users/kanni/.m2/repository/org/apache/maven/shared/maven-shared-utils/3.1.0/maven-shared-utils-3.1.0.jar:/Users/kanni/.m2/repository/commons-io/commons-io/2.5/commons-io-2.5.jar:/Users/kanni/.m2/repository/commons-codec/commons-codec/1.11/commons-codec-1.11.jar:/Users/kanni/.m2/repository/org/slf4j/slf4j-api/1.7.5/slf4j-api-1.7.5.jar:/Users/kanni/.m2/repository/org/apache/maven/plugins/maven-surefire-plugin/3.0.0-M3/maven-surefire-plugin-3.0.0-M3.jar:/Users/kanni/.m2/repository/org/apache/maven/surefire/maven-surefire-common/3.0.0-M3/maven-surefire-common-3.0.0-M3.jar:/Users/kanni/.m2/repository/org/apache/maven/surefire/surefire-api/3.0.0-M3/surefire-api-3.0.0-M3.jar:/Users/kanni/.m2/repository/org/apache/maven/surefire/surefire-logger-api/3.0.0-M3/surefire-logger-api-3.0.0-M3.jar:/Users/kanni/.m2/repository/org/apache/maven/surefire/surefire-booter/3.0.0-M3/surefire-booter-3.0.0-M3.jar:/Users/kanni/.m2/repository/org/apache/maven/maven-toolchain/3.0-alpha-2/maven-toolchain-3.0-alpha-2.jar:/Users/kanni/.m2/repository/org/apache/maven/maven-compat/3.0-alpha-2/maven-compat-3.0-alpha-2.jar:/Users/kanni/.m2/repository/org/codehaus/plexus/plexus-container-default/1.0-beta-3.0.5/plexus-container-default-1.0-beta-3.0.5.jar:/Users/kanni/.m2/repository/org/apache/xbean/xbean-reflect/3.4/xbean-reflect-3.4.jar:/Users/kanni/.m2/repository/commons-logging/commons-logging-api/1.1/commons-logging-api-1.1.jar:/Users/kanni/.m2/repository/com/google/code/google-collections/google-collect/snapshot-20080530/google-collect-snapshot-20080530.jar:/Users/kanni/.m2/repository/junit/junit/3.8.2/junit-3.8.2.jar:/Users/kanni/.m2/repository/org/apache/maven/wagon/wagon-provider-api/1.0-beta-4/wagon-provider-api-1.0-beta-4.jar:/Users/kanni/.m2/repository/org/codehaus/plexus/plexus-java/1.0.1/plexus-java-1.0.1.jar:/Users/kanni/.m2/repository/org/ow2/asm/asm/7.0-beta/asm-7.0-beta.jar:/Users/kanni/.m2/repository/com/thoughtworks/qdox/qdox/2.0-M9/qdox-2.0-M9.jar:/Users/kanni/.m2/repository/log4j/log4j/1.2.17/log4j-1.2.17.jar:/Users/kanni/.m2/repository/org/springframework/spring-context/4.2.3.RELEASE/spring-context-4.2.3.RELEASE.jar:/Users/kanni/.m2/repository/org/springframework/spring-aop/4.2.3.RELEASE/spring-aop-4.2.3.RELEASE.jar:/Users/kanni/.m2/repository/aopalliance/aopalliance/1.0/aopalliance-1.0.jar:/Users/kanni/.m2/repository/org/springframework/spring-beans/4.2.3.RELEASE/spring-beans-4.2.3.RELEASE.jar:/Users/kanni/.m2/repository/org/springframework/spring-core/4.2.3.RELEASE/spring-core-4.2.3.RELEASE.jar:/Users/kanni/.m2/repository/commons-logging/commons-logging/1.2/commons-logging-1.2.jar:/Users/kanni/.m2/repository/org/springframework/spring-expression/4.2.3.RELEASE/spring-expression-4.2.3.RELEASE.jar:/Users/kanni/.m2/repository/org/springframework/spring-test/4.2.3.RELEASE/spring-test-4.2.3.RELEASE.jar:"/>
    <property name="java.vm.vendor" value="Oracle Corporation"/>
    <property name="sun.arch.data.model" value="64"/>
    <property name="java.vendor.url" value="http://java.oracle.com/"/>
    <property name="user.timezone" value=""/>
    <property name="java.vm.specification.version" value="1.8"/>
    <property name="os.name" value="Mac OS X"/>
    <property name="user.country" value="US"/>
    <property name="sun.java.launcher" value="SUN_STANDARD"/>
    <property name="sun.boot.library.path" value="/Library/Java/JavaVirtualMachines/jdk1.8.0_271.jdk/Contents/Home/jre/lib"/>
    <property name="sun.java.command" value="/Users/kanni/Downloads/SQEDemonstrationChallengeUIProject-master/target/surefire/surefirebooter5508640723340478184.jar /Users/kanni/Downloads/SQEDemonstrationChallengeUIProject-master/target/surefire 2020-12-24T17-26-04_814-jvmRun1 surefire4399574676250667185tmp surefire_03440454353367254356tmp"/>
    <property name="http.nonProxyHosts" value="local|*.local|169.254/16|*.169.254/16"/>
    <property name="surefire.test.class.path" value="/Users/kanni/Downloads/SQEDemonstrationChallengeUIProject-master/target/test-classes:/Users/kanni/Downloads/SQEDemonstrationChallengeUIProject-master/target/classes:/Users/kanni/.m2/repository/org/testng/testng/6.14.3/testng-6.14.3.jar:/Users/kanni/.m2/repository/com/beust/jcommander/1.72/jcommander-1.72.jar:/Users/kanni/.m2/repository/org/apache-extras/beanshell/bsh/2.0b6/bsh-2.0b6.jar:/Users/kanni/.m2/repository/org/seleniumhq/selenium/selenium-java/3.141.59/selenium-java-3.141.59.jar:/Users/kanni/.m2/repository/org/seleniumhq/selenium/selenium-api/3.141.59/selenium-api-3.141.59.jar:/Users/kanni/.m2/repository/org/seleniumhq/selenium/selenium-chrome-driver/3.141.59/selenium-chrome-driver-3.141.59.jar:/Users/kanni/.m2/repository/org/seleniumhq/selenium/selenium-edge-driver/3.141.59/selenium-edge-driver-3.141.59.jar:/Users/kanni/.m2/repository/org/seleniumhq/selenium/selenium-firefox-driver/3.141.59/selenium-firefox-driver-3.141.59.jar:/Users/kanni/.m2/repository/org/seleniumhq/selenium/selenium-ie-driver/3.141.59/selenium-ie-driver-3.141.59.jar:/Users/kanni/.m2/repository/org/seleniumhq/selenium/selenium-opera-driver/3.141.59/selenium-opera-driver-3.141.59.jar:/Users/kanni/.m2/repository/org/seleniumhq/selenium/selenium-remote-driver/3.141.59/selenium-remote-driver-3.141.59.jar:/Users/kanni/.m2/repository/org/seleniumhq/selenium/selenium-safari-driver/3.141.59/selenium-safari-driver-3.141.59.jar:/Users/kanni/.m2/repository/org/seleniumhq/selenium/selenium-support/3.141.59/selenium-support-3.141.59.jar:/Users/kanni/.m2/repository/net/bytebuddy/byte-buddy/1.8.15/byte-buddy-1.8.15.jar:/Users/kanni/.m2/repository/org/apache/commons/commons-exec/1.3/commons-exec-1.3.jar:/Users/kanni/.m2/repository/com/google/guava/guava/25.0-jre/guava-25.0-jre.jar:/Users/kanni/.m2/repository/com/google/code/findbugs/jsr305/1.3.9/jsr305-1.3.9.jar:/Users/kanni/.m2/repository/org/checkerframework/checker-compat-qual/2.0.0/checker-compat-qual-2.0.0.jar:/Users/kanni/.m2/repository/com/google/errorprone/error_prone_annotations/2.1.3/error_prone_annotations-2.1.3.jar:/Users/kanni/.m2/repository/com/google/j2objc/j2objc-annotations/1.1/j2objc-annotations-1.1.jar:/Users/kanni/.m2/repository/org/codehaus/mojo/animal-sniffer-annotations/1.14/animal-sniffer-annotations-1.14.jar:/Users/kanni/.m2/repository/com/squareup/okhttp3/okhttp/3.11.0/okhttp-3.11.0.jar:/Users/kanni/.m2/repository/com/squareup/okio/okio/1.14.0/okio-1.14.0.jar:/Users/kanni/.m2/repository/org/seleniumhq/selenium/selenium-server/3.141.59/selenium-server-3.141.59.jar:/Users/kanni/.m2/repository/net/jcip/jcip-annotations/1.0/jcip-annotations-1.0.jar:/Users/kanni/.m2/repository/org/seleniumhq/selenium/jetty-repacked/9.4.12.v20180830/jetty-repacked-9.4.12.v20180830.jar:/Users/kanni/.m2/repository/javax/servlet/javax.servlet-api/3.1.0/javax.servlet-api-3.1.0.jar:/Users/kanni/.m2/repository/org/yaml/snakeyaml/1.19/snakeyaml-1.19.jar:/Users/kanni/.m2/repository/org/apache/maven/plugins/maven-install-plugin/3.0.0-M1/maven-install-plugin-3.0.0-M1.jar:/Users/kanni/.m2/repository/org/apache/maven/maven-plugin-api/3.0/maven-plugin-api-3.0.jar:/Users/kanni/.m2/repository/org/apache/maven/maven-model/3.0/maven-model-3.0.jar:/Users/kanni/.m2/repository/org/sonatype/sisu/sisu-inject-plexus/1.4.2/sisu-inject-plexus-1.4.2.jar:/Users/kanni/.m2/repository/org/codehaus/plexus/plexus-classworlds/2.2.3/plexus-classworlds-2.2.3.jar:/Users/kanni/.m2/repository/org/sonatype/sisu/sisu-inject-bean/1.4.2/sisu-inject-bean-1.4.2.jar:/Users/kanni/.m2/repository/org/sonatype/sisu/sisu-guice/2.1.7/sisu-guice-2.1.7-noaop.jar:/Users/kanni/.m2/repository/org/apache/maven/maven-artifact/3.0/maven-artifact-3.0.jar:/Users/kanni/.m2/repository/org/codehaus/plexus/plexus-utils/2.0.4/plexus-utils-2.0.4.jar:/Users/kanni/.m2/repository/org/apache/maven/shared/maven-artifact-transfer/0.10.0/maven-artifact-transfer-0.10.0.jar:/Users/kanni/.m2/repository/org/apache/maven/maven-core/3.0/maven-core-3.0.jar:/Users/kanni/.m2/repository/org/apache/maven/maven-settings/3.0/maven-settings-3.0.jar:/Users/kanni/.m2/repository/org/apache/maven/maven-settings-builder/3.0/maven-settings-builder-3.0.jar:/Users/kanni/.m2/repository/org/apache/maven/maven-repository-metadata/3.0/maven-repository-metadata-3.0.jar:/Users/kanni/.m2/repository/org/apache/maven/maven-model-builder/3.0/maven-model-builder-3.0.jar:/Users/kanni/.m2/repository/org/apache/maven/maven-aether-provider/3.0/maven-aether-provider-3.0.jar:/Users/kanni/.m2/repository/org/sonatype/aether/aether-impl/1.7/aether-impl-1.7.jar:/Users/kanni/.m2/repository/org/sonatype/aether/aether-spi/1.7/aether-spi-1.7.jar:/Users/kanni/.m2/repository/org/sonatype/aether/aether-api/1.7/aether-api-1.7.jar:/Users/kanni/.m2/repository/org/sonatype/aether/aether-util/1.7/aether-util-1.7.jar:/Users/kanni/.m2/repository/org/codehaus/plexus/plexus-interpolation/1.14/plexus-interpolation-1.14.jar:/Users/kanni/.m2/repository/org/sonatype/plexus/plexus-sec-dispatcher/1.3/plexus-sec-dispatcher-1.3.jar:/Users/kanni/.m2/repository/org/sonatype/plexus/plexus-cipher/1.4/plexus-cipher-1.4.jar:/Users/kanni/.m2/repository/org/codehaus/plexus/plexus-component-annotations/1.7.1/plexus-component-annotations-1.7.1.jar:/Users/kanni/.m2/repository/org/apache/maven/shared/maven-common-artifact-filters/3.0.1/maven-common-artifact-filters-3.0.1.jar:/Users/kanni/.m2/repository/org/apache/maven/shared/maven-shared-utils/3.1.0/maven-shared-utils-3.1.0.jar:/Users/kanni/.m2/repository/commons-io/commons-io/2.5/commons-io-2.5.jar:/Users/kanni/.m2/repository/commons-codec/commons-codec/1.11/commons-codec-1.11.jar:/Users/kanni/.m2/repository/org/slf4j/slf4j-api/1.7.5/slf4j-api-1.7.5.jar:/Users/kanni/.m2/repository/org/apache/maven/plugins/maven-surefire-plugin/3.0.0-M3/maven-surefire-plugin-3.0.0-M3.jar:/Users/kanni/.m2/repository/org/apache/maven/surefire/maven-surefire-common/3.0.0-M3/maven-surefire-common-3.0.0-M3.jar:/Users/kanni/.m2/repository/org/apache/maven/surefire/surefire-api/3.0.0-M3/surefire-api-3.0.0-M3.jar:/Users/kanni/.m2/repository/org/apache/maven/surefire/surefire-logger-api/3.0.0-M3/surefire-logger-api-3.0.0-M3.jar:/Users/kanni/.m2/repository/org/apache/maven/surefire/surefire-booter/3.0.0-M3/surefire-booter-3.0.0-M3.jar:/Users/kanni/.m2/repository/org/apache/maven/maven-toolchain/3.0-alpha-2/maven-toolchain-3.0-alpha-2.jar:/Users/kanni/.m2/repository/org/apache/maven/maven-compat/3.0-alpha-2/maven-compat-3.0-alpha-2.jar:/Users/kanni/.m2/repository/org/codehaus/plexus/plexus-container-default/1.0-beta-3.0.5/plexus-container-default-1.0-beta-3.0.5.jar:/Users/kanni/.m2/repository/org/apache/xbean/xbean-reflect/3.4/xbean-reflect-3.4.jar:/Users/kanni/.m2/repository/commons-logging/commons-logging-api/1.1/commons-logging-api-1.1.jar:/Users/kanni/.m2/repository/com/google/code/google-collections/google-collect/snapshot-20080530/google-collect-snapshot-20080530.jar:/Users/kanni/.m2/repository/junit/junit/3.8.2/junit-3.8.2.jar:/Users/kanni/.m2/repository/org/apache/maven/wagon/wagon-provider-api/1.0-beta-4/wagon-provider-api-1.0-beta-4.jar:/Users/kanni/.m2/repository/org/codehaus/plexus/plexus-java/1.0.1/plexus-java-1.0.1.jar:/Users/kanni/.m2/repository/org/ow2/asm/asm/7.0-beta/asm-7.0-beta.jar:/Users/kanni/.m2/repository/com/thoughtworks/qdox/qdox/2.0-M9/qdox-2.0-M9.jar:/Users/kanni/.m2/repository/log4j/log4j/1.2.17/log4j-1.2.17.jar:/Users/kanni/.m2/repository/org/springframework/spring-context/4.2.3.RELEASE/spring-context-4.2.3.RELEASE.jar:/Users/kanni/.m2/repository/org/springframework/spring-aop/4.2.3.RELEASE/spring-aop-4.2.3.RELEASE.jar:/Users/kanni/.m2/repository/aopalliance/aopalliance/1.0/aopalliance-1.0.jar:/Users/kanni/.m2/repository/org/springframework/spring-beans/4.2.3.RELEASE/spring-beans-4.2.3.RELEASE.jar:/Users/kanni/.m2/repository/org/springframework/spring-core/4.2.3.RELEASE/spring-core-4.2.3.RELEASE.jar:/Users/kanni/.m2/repository/commons-logging/commons-logging/1.2/commons-logging-1.2.jar:/Users/kanni/.m2/repository/org/springframework/spring-expression/4.2.3.RELEASE/spring-expression-4.2.3.RELEASE.jar:/Users/kanni/.m2/repository/org/springframework/spring-test/4.2.3.RELEASE/spring-test-4.2.3.RELEASE.jar:"/>
    <property name="sun.cpu.endian" value="little"/>
    <property name="user.home" value="/Users/kanni"/>
    <property name="user.language" value="en"/>
    <property name="java.specification.vendor" value="Oracle Corporation"/>
    <property name="java.home" value="/Library/Java/JavaVirtualMachines/jdk1.8.0_271.jdk/Contents/Home/jre"/>
    <property name="basedir" value="/Users/kanni/Downloads/SQEDemonstrationChallengeUIProject-master"/>
    <property name="file.separator" value="/"/>
    <property name="line.separator" value="&#10;"/>
    <property name="java.vm.specification.vendor" value="Oracle Corporation"/>
    <property name="java.specification.name" value="Java Platform API Specification"/>
    <property name="java.awt.graphicsenv" value="sun.awt.CGraphicsEnvironment"/>
    <property name="surefire.real.class.path" value="/Users/kanni/Downloads/SQEDemonstrationChallengeUIProject-master/target/surefire/surefirebooter5508640723340478184.jar"/>
    <property name="sun.boot.class.path" value="/Library/Java/JavaVirtualMachines/jdk1.8.0_271.jdk/Contents/Home/jre/lib/resources.jar:/Library/Java/JavaVirtualMachines/jdk1.8.0_271.jdk/Contents/Home/jre/lib/rt.jar:/Library/Java/JavaVirtualMachines/jdk1.8.0_271.jdk/Contents/Home/jre/lib/sunrsasign.jar:/Library/Java/JavaVirtualMachines/jdk1.8.0_271.jdk/Contents/Home/jre/lib/jsse.jar:/Library/Java/JavaVirtualMachines/jdk1.8.0_271.jdk/Contents/Home/jre/lib/jce.jar:/Library/Java/JavaVirtualMachines/jdk1.8.0_271.jdk/Contents/Home/jre/lib/charsets.jar:/Library/Java/JavaVirtualMachines/jdk1.8.0_271.jdk/Contents/Home/jre/lib/jfr.jar:/Library/Java/JavaVirtualMachines/jdk1.8.0_271.jdk/Contents/Home/jre/classes"/>
    <property name="sun.management.compiler" value="HotSpot 64-Bit Tiered Compilers"/>
    <property name="ftp.nonProxyHosts" value="local|*.local|169.254/16|*.169.254/16"/>
    <property name="java.runtime.version" value="1.8.0_271-b09"/>
    <property name="user.name" value="kanni"/>
    <property name="path.separator" value=":"/>
    <property name="os.version" value="10.16"/>
    <property name="java.endorsed.dirs" value="/Library/Java/JavaVirtualMachines/jdk1.8.0_271.jdk/Contents/Home/jre/lib/endorsed"/>
    <property name="java.runtime.name" value="Java(TM) SE Runtime Environment"/>
    <property name="file.encoding" value="UTF-8"/>
    <property name="java.vm.name" value="Java HotSpot(TM) 64-Bit Server VM"/>
    <property name="localRepository" value="/Users/kanni/.m2/repository"/>
    <property name="java.vendor.url.bug" value="http://bugreport.sun.com/bugreport/"/>
    <property name="java.io.tmpdir" value="/var/folders/q6/zm1yhg61479d0l_sf6m09_380000gp/T/"/>
    <property name="idea.version" value="2020.2.3"/>
    <property name="java.version" value="1.8.0_271"/>
    <property name="user.dir" value="/Users/kanni/Downloads/SQEDemonstrationChallengeUIProject-master"/>
    <property name="os.arch" value="x86_64"/>
    <property name="java.vm.specification.name" value="Java Virtual Machine Specification"/>
    <property name="java.awt.printerjob" value="sun.lwawt.macosx.CPrinterJob"/>
    <property name="sun.os.patch.level" value="unknown"/>
    <property name="java.library.path" value="/Users/kanni/Library/Java/Extensions:/Library/Java/Extensions:/Network/Library/Java/Extensions:/System/Library/Java/Extensions:/usr/lib/java:."/>
    <property name="java.vm.info" value="mixed mode"/>
    <property name="java.vendor" value="Oracle Corporation"/>
    <property name="java.vm.version" value="25.271-b09"/>
    <property name="java.ext.dirs" value="/Users/kanni/Library/Java/Extensions:/Library/Java/JavaVirtualMachines/jdk1.8.0_271.jdk/Contents/Home/jre/lib/ext:/Library/Java/Extensions:/Network/Library/Java/Extensions:/System/Library/Java/Extensions:/usr/lib/java"/>
    <property name="sun.io.unicode.encoding" value="UnicodeBig"/>
    <property name="java.class.version" value="52.0"/>
    <property name="socksNonProxyHosts" value="local|*.local|169.254/16|*.169.254/16"/>
  </properties>
  <testcase name="demoTest" classname="com.sample.test.demo.tests.DemoTest" time="0.001"/>
  <testcase name="placePizzaOrderTest" classname="com.sample.test.demo.tests.PizzaOrder" time="0.728"/>
  <testcase name="verifyEmptyPageTest" classname="com.sample.test.demo.tests.PizzaOrder" time="0.049"/>
</testsuite>