<?xml version="1.0" encoding="UTF-8"?>
<!-- Generated by org.testng.reporters.JUnitReportReporter -->
<testsuite skipped="0" hostname="Nikhils-MBP.attlocal.net" name="com.sample.test.demo.tests.PizzaOrder" tests="2" failures="0" timestamp="24 Dec 2020 23:26:09 GMT" time="0.776" errors="0">
  <testcase name="verifyEmptyPageTest" time="0.048" classname="com.sample.test.demo.tests.PizzaOrder"/>
  <testcase name="placePizzaOrderTest" time="0.728" classname="com.sample.test.demo.tests.PizzaOrder"/>
</testsuite> <!-- com.sample.test.demo.tests.PizzaOrder -->
