<?xml version="1.0" encoding="UTF-8"?>
<!-- Generated by org.testng.reporters.JUnitReportReporter -->
<testsuite skipped="0" hostname="Nikhils-MBP.attlocal.net" name="com.sample.test.demo.tests.DemoTest" tests="1" failures="0" timestamp="24 Dec 2020 23:26:09 GMT" time="0.001" errors="0">
  <testcase name="demoTest" time="0.001" classname="com.sample.test.demo.tests.DemoTest"/>
</testsuite> <!-- com.sample.test.demo.tests.DemoTest -->
